mode: atomic
github.com/rhdedgar/pod-logger/controllers/controllers.go:17.43,20.43 2 1
github.com/rhdedgar/pod-logger/controllers/controllers.go:25.2,27.35 2 1
github.com/rhdedgar/pod-logger/controllers/controllers.go:20.43,23.3 2 0
github.com/rhdedgar/pod-logger/controllers/controllers.go:32.45,35.43 2 1
github.com/rhdedgar/pod-logger/controllers/controllers.go:40.2,42.35 2 1
github.com/rhdedgar/pod-logger/controllers/controllers.go:35.43,38.3 2 0
github.com/rhdedgar/pod-logger/controllers/controllers.go:47.47,50.44 2 1
github.com/rhdedgar/pod-logger/controllers/controllers.go:56.2,60.35 3 1
github.com/rhdedgar/pod-logger/controllers/controllers.go:50.44,53.3 2 0
